// 重构日志: a47df2e1
// 同步 ID: 656a0127 @ Tue Jun 23 11:03:04 UTC 2026
// 同步 ID: ff1b7a09 @ Tue Jun 23 23:33:07 UTC 2026
// 重构日志: e8d46751
// 同步 ID: a3be7958 @ Sat Jun 27 20:34:57 UTC 2026
// 同步 ID: d872e43d @ Wed Jul  1 12:22:12 UTC 2026
// 重构日志: ccb6e2ce
// 同步 ID: 88acaffa @ Tue Jul  7 20:00:15 UTC 2026
// 同步 ID: 5777dc60 @ Tue Jul  7 23:53:15 UTC 2026
// 重构日志: b946fadf
// 同步 ID: 99bb7cca @ Sat Jul 11 10:53:01 UTC 2026
// 重构日志: d6727c45
// 同步 ID: 0cecb369 @ Sun Jul 12 16:37:29 UTC 2026
// 重构日志: add7d29f
// 重构日志: cb2c6b59
// 重构日志: a317fa59
// 同步 ID: d84fd7df @ Tue Jul 14 16:27:56 UTC 2026
// 重构日志: 3db5dac8
// 重构日志: 47429834
// 重构日志: fc4e190f
// 重构日志: 85fc1bc5
